4667:M 24 Oct 12:03:22.820 * Increased maximum number of open files to 10032 (it was originally set to 1024).
4667:M 24 Oct 12:03:22.821 * No cluster configuration found, I'm 21d80b1d7c874168149d1bbdcf92702ade0de1d1
                _._                                                  
           _.-``__ ''-._                                             
      _.-``    `.  `_.  ''-._           Redis 3.2.4 (00000000/0) 64 bit
  .-`` .-```.  ```\/    _.,_ ''-._                                   
 (    '      ,       .-`  | `,    )     Running in cluster mode
 |`-._`-...-` __...-.``-._|'` _.-'|     Port: 7001
 |    `-._   `._    /     _.-'    |     PID: 4667
  `-._    `-._  `-./  _.-'    _.-'                                   
 |`-._`-._    `-.__.-'    _.-'_.-'|                                  
 |    `-._`-._        _.-'_.-'    |           http://redis.io        
  `-._    `-._`-.__.-'_.-'    _.-'                                   
 |`-._`-._    `-.__.-'    _.-'_.-'|                                  
 |    `-._`-._        _.-'_.-'    |                                  
  `-._    `-._`-.__.-'_.-'    _.-'                                   
      `-._    `-.__.-'    _.-'                                       
          `-._        _.-'                                           
              `-.__.-'                                               

4667:M 24 Oct 12:03:22.905 # WARNING: The TCP backlog setting of 511 cannot be enforced because /proc/sys/net/core/somaxconn is set to the lower value of 128.
4667:M 24 Oct 12:03:22.905 # Server started, Redis version 3.2.4
4667:M 24 Oct 12:03:22.906 * The server is now ready to accept connections on port 7001
