4669:M 24 Oct 12:03:22.829 * Increased maximum number of open files to 10032 (it was originally set to 1024).
4669:M 24 Oct 12:03:22.830 * No cluster configuration found, I'm e4acccc2ac9cb80ea56e2dae7d486c57ec984865
                _._                                                  
           _.-``__ ''-._                                             
      _.-``    `.  `_.  ''-._           Redis 3.2.4 (00000000/0) 64 bit
  .-`` .-```.  ```\/    _.,_ ''-._                                   
 (    '      ,       .-`  | `,    )     Running in cluster mode
 |`-._`-...-` __...-.``-._|'` _.-'|     Port: 7002
 |    `-._   `._    /     _.-'    |     PID: 4669
  `-._    `-._  `-./  _.-'    _.-'                                   
 |`-._`-._    `-.__.-'    _.-'_.-'|                                  
 |    `-._`-._        _.-'_.-'    |           http://redis.io        
  `-._    `-._`-.__.-'_.-'    _.-'                                   
 |`-._`-._    `-.__.-'    _.-'_.-'|                                  
 |    `-._`-._        _.-'_.-'    |                                  
  `-._    `-._`-.__.-'_.-'    _.-'                                   
      `-._    `-.__.-'    _.-'                                       
          `-._        _.-'                                           
              `-.__.-'                                               

4669:M 24 Oct 12:03:22.908 # WARNING: The TCP backlog setting of 511 cannot be enforced because /proc/sys/net/core/somaxconn is set to the lower value of 128.
4669:M 24 Oct 12:03:22.908 # Server started, Redis version 3.2.4
4669:M 24 Oct 12:03:22.909 * The server is now ready to accept connections on port 7002
