4671:M 24 Oct 12:03:22.834 * Increased maximum number of open files to 10032 (it was originally set to 1024).
4671:M 24 Oct 12:03:22.834 * No cluster configuration found, I'm 7456081e8e4d472549c8b6576409e8c70a2227ea
                _._                                                  
           _.-``__ ''-._                                             
      _.-``    `.  `_.  ''-._           Redis 3.2.4 (00000000/0) 64 bit
  .-`` .-```.  ```\/    _.,_ ''-._                                   
 (    '      ,       .-`  | `,    )     Running in cluster mode
 |`-._`-...-` __...-.``-._|'` _.-'|     Port: 7003
 |    `-._   `._    /     _.-'    |     PID: 4671
  `-._    `-._  `-./  _.-'    _.-'                                   
 |`-._`-._    `-.__.-'    _.-'_.-'|                                  
 |    `-._`-._        _.-'_.-'    |           http://redis.io        
  `-._    `-._`-.__.-'_.-'    _.-'                                   
 |`-._`-._    `-.__.-'    _.-'_.-'|                                  
 |    `-._`-._        _.-'_.-'    |                                  
  `-._    `-._`-.__.-'_.-'    _.-'                                   
      `-._    `-.__.-'    _.-'                                       
          `-._        _.-'                                           
              `-.__.-'                                               

4671:M 24 Oct 12:03:22.905 # WARNING: The TCP backlog setting of 511 cannot be enforced because /proc/sys/net/core/somaxconn is set to the lower value of 128.
4671:M 24 Oct 12:03:22.905 # Server started, Redis version 3.2.4
4671:M 24 Oct 12:03:22.906 * The server is now ready to accept connections on port 7003
