4673:M 24 Oct 12:03:22.837 * Increased maximum number of open files to 10032 (it was originally set to 1024).
4673:M 24 Oct 12:03:22.837 * No cluster configuration found, I'm 548951f1a8d93f91e4b97124b28d4dbdc17e57c7
                _._                                                  
           _.-``__ ''-._                                             
      _.-``    `.  `_.  ''-._           Redis 3.2.4 (00000000/0) 64 bit
  .-`` .-```.  ```\/    _.,_ ''-._                                   
 (    '      ,       .-`  | `,    )     Running in cluster mode
 |`-._`-...-` __...-.``-._|'` _.-'|     Port: 7004
 |    `-._   `._    /     _.-'    |     PID: 4673
  `-._    `-._  `-./  _.-'    _.-'                                   
 |`-._`-._    `-.__.-'    _.-'_.-'|                                  
 |    `-._`-._        _.-'_.-'    |           http://redis.io        
  `-._    `-._`-.__.-'_.-'    _.-'                                   
 |`-._`-._    `-.__.-'    _.-'_.-'|                                  
 |    `-._`-._        _.-'_.-'    |                                  
  `-._    `-._`-.__.-'_.-'    _.-'                                   
      `-._    `-.__.-'    _.-'                                       
          `-._        _.-'                                           
              `-.__.-'                                               

4673:M 24 Oct 12:03:22.905 # WARNING: The TCP backlog setting of 511 cannot be enforced because /proc/sys/net/core/somaxconn is set to the lower value of 128.
4673:M 24 Oct 12:03:22.905 # Server started, Redis version 3.2.4
4673:M 24 Oct 12:03:22.906 * The server is now ready to accept connections on port 7004
