4675:M 24 Oct 12:03:22.840 * Increased maximum number of open files to 10032 (it was originally set to 1024).
4675:M 24 Oct 12:03:22.841 * No cluster configuration found, I'm 6e95c525c0e22f4bf57c092e858b03b187e60a3d
                _._                                                  
           _.-``__ ''-._                                             
      _.-``    `.  `_.  ''-._           Redis 3.2.4 (00000000/0) 64 bit
  .-`` .-```.  ```\/    _.,_ ''-._                                   
 (    '      ,       .-`  | `,    )     Running in cluster mode
 |`-._`-...-` __...-.``-._|'` _.-'|     Port: 7005
 |    `-._   `._    /     _.-'    |     PID: 4675
  `-._    `-._  `-./  _.-'    _.-'                                   
 |`-._`-._    `-.__.-'    _.-'_.-'|                                  
 |    `-._`-._        _.-'_.-'    |           http://redis.io        
  `-._    `-._`-.__.-'_.-'    _.-'                                   
 |`-._`-._    `-.__.-'    _.-'_.-'|                                  
 |    `-._`-._        _.-'_.-'    |                                  
  `-._    `-._`-.__.-'_.-'    _.-'                                   
      `-._    `-.__.-'    _.-'                                       
          `-._        _.-'                                           
              `-.__.-'                                               

4675:M 24 Oct 12:03:22.905 # WARNING: The TCP backlog setting of 511 cannot be enforced because /proc/sys/net/core/somaxconn is set to the lower value of 128.
4675:M 24 Oct 12:03:22.905 # Server started, Redis version 3.2.4
4675:M 24 Oct 12:03:22.906 * The server is now ready to accept connections on port 7005
